[debug] [2024-12-04T21:07:20.878Z] ----------------------------------------------------------------------
[debug] [2024-12-04T21:07:20.885Z] Command:       /Users/Alex/.nvm/versions/node/v22.11.0/bin/node /Users/Alex/.nvm/versions/node/v22.11.0/bin/firebase init hosting
[debug] [2024-12-04T21:07:20.885Z] CLI Version:   13.27.0
[debug] [2024-12-04T21:07:20.885Z] Platform:      darwin
[debug] [2024-12-04T21:07:20.885Z] Node Version:  v22.11.0
[debug] [2024-12-04T21:07:20.885Z] Time:          Wed Dec 04 2024 13:07:20 GMT-0800 (Pacific Standard Time)
[debug] [2024-12-04T21:07:20.885Z] ----------------------------------------------------------------------
[debug] 
[debug] [2024-12-04T21:07:20.887Z] >>> [apiv2][query] GET https://firebase-public.firebaseio.com/cli.json [none]
[debug] [2024-12-04T21:07:20.912Z] > command requires scopes: ["email","openid","https://www.googleapis.com/auth/cloudplatformprojects.readonly","https://www.googleapis.com/auth/firebase","https://www.googleapis.com/auth/cloud-platform"]
[debug] [2024-12-04T21:07:20.912Z] > authorizing via signed-in user (acooper72705@gmail.com)
[info] 
     ######## #### ########  ######## ########     ###     ######  ########
     ##        ##  ##     ## ##       ##     ##  ##   ##  ##       ##
     ######    ##  ########  ######   ########  #########  ######  ######
     ##        ##  ##    ##  ##       ##     ## ##     ##       ## ##
     ##       #### ##     ## ######## ########  ##     ##  ######  ########

You're about to initialize a Firebase project in this directory:

  /Users/Alex/homework1CMSI2021

[info] 
=== Project Setup
[info] 
[info] First, let's associate this project directory with a Firebase project.
[info] You can create multiple project aliases by running firebase use --add, 
[info] but for now we'll just set up a default project.
[info] 
[debug] [2024-12-04T21:07:21.104Z] <<< [apiv2][status] GET https://firebase-public.firebaseio.com/cli.json 200
[debug] [2024-12-04T21:07:21.104Z] <<< [apiv2][body] GET https://firebase-public.firebaseio.com/cli.json {"cloudBuildErrorAfter":1594252800000,"cloudBuildWarnAfter":1590019200000,"defaultNode10After":1594252800000,"minVersion":"3.0.5","node8DeploysDisabledAfter":1613390400000,"node8RuntimeDisabledAfter":1615809600000,"node8WarnAfter":1600128000000}
[debug] [2024-12-04T21:07:26.138Z] Checked if tokens are valid: false, expires at: 1730422660469
[debug] [2024-12-04T21:07:26.138Z] Checked if tokens are valid: false, expires at: 1730422660469
[debug] [2024-12-04T21:07:26.138Z] > refreshing access token with scopes: []
[debug] [2024-12-04T21:07:26.139Z] >>> [apiv2][query] POST https://www.googleapis.com/oauth2/v3/token [none]
[debug] [2024-12-04T21:07:26.139Z] >>> [apiv2][body] POST https://www.googleapis.com/oauth2/v3/token [omitted]
[debug] [2024-12-04T21:07:26.329Z] <<< [apiv2][status] POST https://www.googleapis.com/oauth2/v3/token 200
[debug] [2024-12-04T21:07:26.329Z] <<< [apiv2][body] POST https://www.googleapis.com/oauth2/v3/token [omitted]
[debug] [2024-12-04T21:07:26.339Z] >>> [apiv2][query] GET https://firebase.googleapis.com/v1beta1/projects pageSize=100
[debug] [2024-12-04T21:07:26.744Z] <<< [apiv2][status] GET https://firebase.googleapis.com/v1beta1/projects 200
[debug] [2024-12-04T21:07:26.744Z] <<< [apiv2][body] GET https://firebase.googleapis.com/v1beta1/projects [omitted]
[debug] [2024-12-04T21:12:33.393Z] ----------------------------------------------------------------------
[debug] [2024-12-04T21:12:33.399Z] Command:       /Users/Alex/.nvm/versions/node/v22.11.0/bin/node /Users/Alex/.nvm/versions/node/v22.11.0/bin/firebase init hosting
[debug] [2024-12-04T21:12:33.399Z] CLI Version:   13.27.0
[debug] [2024-12-04T21:12:33.399Z] Platform:      darwin
[debug] [2024-12-04T21:12:33.399Z] Node Version:  v22.11.0
[debug] [2024-12-04T21:12:33.400Z] Time:          Wed Dec 04 2024 13:12:33 GMT-0800 (Pacific Standard Time)
[debug] [2024-12-04T21:12:33.400Z] ----------------------------------------------------------------------
[debug] 
[debug] [2024-12-04T21:12:33.404Z] > command requires scopes: ["email","openid","https://www.googleapis.com/auth/cloudplatformprojects.readonly","https://www.googleapis.com/auth/firebase","https://www.googleapis.com/auth/cloud-platform"]
[debug] [2024-12-04T21:12:33.405Z] > authorizing via signed-in user (acooper72705@gmail.com)
[info] 
     ######## #### ########  ######## ########     ###     ######  ########
     ##        ##  ##     ## ##       ##     ##  ##   ##  ##       ##
     ######    ##  ########  ######   ########  #########  ######  ######
     ##        ##  ##    ##  ##       ##     ## ##     ##       ## ##
     ##       #### ##     ## ######## ########  ##     ##  ######  ########

You're about to initialize a Firebase project in this directory:

  /Users/Alex/homework1CMSI2021

[info] 
=== Project Setup
[info] 
[info] First, let's associate this project directory with a Firebase project.
[info] You can create multiple project aliases by running firebase use --add, 
[info] but for now we'll just set up a default project.
[info] 
[debug] [2024-12-04T21:12:35.995Z] Checked if tokens are valid: true, expires at: 1733350045330
[debug] [2024-12-04T21:12:35.995Z] Checked if tokens are valid: true, expires at: 1733350045330
[debug] [2024-12-04T21:12:35.996Z] >>> [apiv2][query] GET https://firebase.googleapis.com/v1beta1/projects pageSize=100
[debug] [2024-12-04T21:12:36.406Z] <<< [apiv2][status] GET https://firebase.googleapis.com/v1beta1/projects 200
[debug] [2024-12-04T21:12:36.406Z] <<< [apiv2][body] GET https://firebase.googleapis.com/v1beta1/projects [omitted]
[info] i  Using project interestcalculatorproject1 (InterestCalculatorProject1) 
[info] 
=== Hosting Setup
[debug] [2024-12-04T21:12:38.284Z] Checked if tokens are valid: true, expires at: 1733350045330
[debug] [2024-12-04T21:12:38.284Z] Checked if tokens are valid: true, expires at: 1733350045330
[debug] [2024-12-04T21:12:38.284Z] >>> [apiv2][query] GET https://firebase.googleapis.com/v1beta1/projects/interestcalculatorproject1 [none]
[debug] [2024-12-04T21:12:38.448Z] <<< [apiv2][status] GET https://firebase.googleapis.com/v1beta1/projects/interestcalculatorproject1 200
[debug] [2024-12-04T21:12:38.448Z] <<< [apiv2][body] GET https://firebase.googleapis.com/v1beta1/projects/interestcalculatorproject1 {"projectId":"interestcalculatorproject1","projectNumber":"69891840634","displayName":"InterestCalculatorProject1","name":"projects/interestcalculatorproject1","resources":{"hostingSite":"interestcalculatorproject1"},"state":"ACTIVE","etag":"1_068b7e03-7e7d-49ec-91c6-9f14086c77fb"}
[info] 
[info] Your public directory is the folder (relative to your project directory) that
[info] will contain Hosting assets to be uploaded with firebase deploy. If you
[info] have a build process for your assets, use your build's output directory.
[info] 
[debug] [2024-12-04T21:12:54.963Z] >>> [apiv2][query] GET https://www.gstatic.com/firebasejs/releases.json [none]
[debug] [2024-12-04T21:12:55.028Z] <<< [apiv2][status] GET https://www.gstatic.com/firebasejs/releases.json 200
[debug] [2024-12-04T21:12:55.028Z] <<< [apiv2][body] GET https://www.gstatic.com/firebasejs/releases.json {"current":{"version":"11.0.2","browserURL":"https://www.gstatic.com/firebasejs/11.0.2/firebase.js","packageURL":"https://www.gstatic.com/firebasejs/11.0.2/firebase.tgz"},"live":{"version":"11.0","browserURL":"https://www.gstatic.com/firebasejs/live/11.0/firebase.js","packageURL":"https://www.gstatic.com/firebasejs/live/11.0/firebase.tgz"},"components":{"analytics":"https://www.gstatic.com/firebasejs/11.0.2/firebase-analytics.js","app":"https://www.gstatic.com/firebasejs/11.0.2/firebase-app.js","app-check":"https://www.gstatic.com/firebasejs/11.0.2/firebase-app-check.js","auth":"https://www.gstatic.com/firebasejs/11.0.2/firebase-auth.js","auth/cordova":"https://www.gstatic.com/firebasejs/11.0.2/firebase-auth/cordova.js","auth/web-extension":"https://www.gstatic.com/firebasejs/11.0.2/firebase-auth/web-extension.js","functions":"https://www.gstatic.com/firebasejs/11.0.2/firebase-functions.js","firestore":"https://www.gstatic.com/firebasejs/11.0.2/firebase-firestore.js","firestore/lite":"https://www.gstatic.com/firebasejs/11.0.2/firebase-firestore/lite.js","installations":"https://www.gstatic.com/firebasejs/11.0.2/firebase-installations.js","storage":"https://www.gstatic.com/firebasejs/11.0.2/firebase-storage.js","performance":"https://www.gstatic.com/firebasejs/11.0.2/firebase-performance.js","remote-config":"https://www.gstatic.com/firebasejs/11.0.2/firebase-remote-config.js","messaging":"https://www.gstatic.com/firebasejs/11.0.2/firebase-messaging.js","messaging/sw":"https://www.gstatic.com/firebasejs/11.0.2/firebase-messaging/sw.js","database":"https://www.gstatic.com/firebasejs/11.0.2/firebase-database.js","vertexai":"https://www.gstatic.com/firebasejs/11.0.2/firebase-vertexai.js","data-connect":"https://www.gstatic.com/firebasejs/11.0.2/firebase-data-connect.js","firestore.memory":"https://www.gstatic.com/firebasejs/11.0.2/firebase-firestore.memory.js"}}
[info] ✔  Wrote public/index.html 
[info] 
[info] i  Detected a .git folder at /Users/Alex/homework1CMSI2021 
[info] i  Authorizing with GitHub to upload your service account to a GitHub repository's secrets store. 
[info] 
[info] Visit this URL on this device to log in:
[info] https://github.com/login/oauth/authorize?client_id=89cf50f02ac6aaed3484&state=963350306&redirect_uri=http%3A%2F%2Flocalhost%3A9005&scope=read%3Auser%20repo%20public_repo
[info] 
[info] Waiting for authentication...
[debug] [2024-12-04T21:12:55.937Z] >>> [apiv2][query] POST https://github.com/login/oauth/access_token [none]
[debug] [2024-12-04T21:12:55.937Z] >>> [apiv2][body] POST https://github.com/login/oauth/access_token [stream]
[debug] [2024-12-04T21:12:56.167Z] <<< [apiv2][status] POST https://github.com/login/oauth/access_token 200
[debug] [2024-12-04T21:12:56.167Z] <<< [apiv2][body] POST https://github.com/login/oauth/access_token {"access_token":"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","token_type":"bearer","scope":"read:user,repo"}
[debug] [2024-12-04T21:12:56.169Z] >>> [apiv2][query] GET https://api.github.com/user [none]
[debug] [2024-12-04T21:12:56.430Z] <<< [apiv2][status] GET https://api.github.com/user 200
[debug] [2024-12-04T21:12:56.430Z] <<< [apiv2][body] GET https://api.github.com/user {"login":"alexcooper2005","id":143565766,"node_id":"U_kgDOCI6jxg","avatar_url":"https://avatars.githubusercontent.com/u/143565766?v=4","gravatar_id":"","url":"https://api.github.com/users/alexcooper2005","html_url":"https://github.com/alexcooper2005","followers_url":"https://api.github.com/users/alexcooper2005/followers","following_url":"https://api.github.com/users/alexcooper2005/following{/other_user}","gists_url":"https://api.github.com/users/alexcooper2005/gists{/gist_id}","starred_url":"https://api.github.com/users/alexcooper2005/starred{/owner}{/repo}","subscriptions_url":"https://api.github.com/users/alexcooper2005/subscriptions","organizations_url":"https://api.github.com/users/alexcooper2005/orgs","repos_url":"https://api.github.com/users/alexcooper2005/repos","events_url":"https://api.github.com/users/alexcooper2005/events{/privacy}","received_events_url":"https://api.github.com/users/alexcooper2005/received_events","type":"User","user_view_type":"private","site_admin":false,"name":null,"company":null,"blog":"","location":null,"email":null,"hireable":null,"bio":null,"twitter_username":null,"notification_email":null,"public_repos":2,"public_gists":0,"followers":0,"following":0,"created_at":"2023-08-30T00:18:58Z","updated_at":"2024-12-04T04:11:56Z","private_gists":0,"total_private_repos":0,"owned_private_repos":0,"disk_usage":0,"collaborators":0,"two_factor_authentication":false,"plan":{"name":"free","space":976562499,"collaborators":0,"private_repos":10000}}
[info] 
[info] ✔  Success! Logged into GitHub as alexcooper2005 
[info] 
[debug] [2024-12-04T21:13:29.721Z] >>> [apiv2][query] GET https://api.github.com/repos/alexcooper2005/actions/secrets/public-key type=owner
[debug] [2024-12-04T21:13:29.726Z] >>> [apiv2][query] GET https://api.github.com/repos///actions/secrets/public-key type=owner
[debug] [2024-12-04T21:13:29.943Z] <<< [apiv2][status] GET https://api.github.com/repos///actions/secrets/public-key 404
[debug] [2024-12-04T21:13:29.943Z] <<< [apiv2][body] GET https://api.github.com/repos///actions/secrets/public-key {"message":"Not Found","documentation_url":"https://docs.github.com/rest","status":"404"}
[info] 
[info] 
[error] ⚠  The provided authorization cannot be used with this repository. If this repository is in an organization, did you remember to grant access? 
[info] 
[info] i  Action required: Visit this URL to ensure access has been granted to the appropriate organization(s) for the Firebase CLI GitHub OAuth App: 
[info] https://github.com/settings/connections/applications/89cf50f02ac6aaed3484
[info] 
[debug] [2024-12-04T21:13:29.965Z] <<< [apiv2][status] GET https://api.github.com/repos/alexcooper2005/actions/secrets/public-key 404
[debug] [2024-12-04T21:13:29.965Z] <<< [apiv2][body] GET https://api.github.com/repos/alexcooper2005/actions/secrets/public-key {"message":"Not Found","documentation_url":"https://docs.github.com/rest","status":"404"}
[info] 
[info] 
[error] ⚠  The provided authorization cannot be used with this repository. If this repository is in an organization, did you remember to grant access? 
[info] 
[info] i  Action required: Visit this URL to ensure access has been granted to the appropriate organization(s) for the Firebase CLI GitHub OAuth App: 
[info] https://github.com/settings/connections/applications/89cf50f02ac6aaed3484
[info] 
[debug] [2024-12-04T21:13:33.147Z] >>> [apiv2][query] GET https://api.github.com/repos/homework1CMSI2021/alexcooper2005/actions/secrets/public-key type=owner
[debug] [2024-12-04T21:13:33.306Z] <<< [apiv2][status] GET https://api.github.com/repos/homework1CMSI2021/alexcooper2005/actions/secrets/public-key 404
[debug] [2024-12-04T21:13:33.306Z] <<< [apiv2][body] GET https://api.github.com/repos/homework1CMSI2021/alexcooper2005/actions/secrets/public-key {"message":"Not Found","documentation_url":"https://docs.github.com/rest/actions/secrets#get-a-repository-public-key","status":"404"}
[info] 
[info] 
[error] ⚠  The provided authorization cannot be used with this repository. If this repository is in an organization, did you remember to grant access? 
[info] 
[info] i  Action required: Visit this URL to ensure access has been granted to the appropriate organization(s) for the Firebase CLI GitHub OAuth App: 
[info] https://github.com/settings/connections/applications/89cf50f02ac6aaed3484
[info] 
[debug] [2024-12-04T21:15:46.808Z] >>> [apiv2][query] GET https://api.github.com/repos/homework1CMSI2021/alexcooper2005/actions/secrets/public-key type=owner
[debug] [2024-12-04T21:15:47.073Z] <<< [apiv2][status] GET https://api.github.com/repos/homework1CMSI2021/alexcooper2005/actions/secrets/public-key 404
[debug] [2024-12-04T21:15:47.073Z] <<< [apiv2][body] GET https://api.github.com/repos/homework1CMSI2021/alexcooper2005/actions/secrets/public-key {"message":"Not Found","documentation_url":"https://docs.github.com/rest/actions/secrets#get-a-repository-public-key","status":"404"}
[info] 
[info] 
[error] ⚠  The provided authorization cannot be used with this repository. If this repository is in an organization, did you remember to grant access? 
[info] 
[info] i  Action required: Visit this URL to ensure access has been granted to the appropriate organization(s) for the Firebase CLI GitHub OAuth App: 
[info] https://github.com/settings/connections/applications/89cf50f02ac6aaed3484
[info] 
[debug] [2024-12-04T21:15:47.164Z] >>> [apiv2][query] GET https://api.github.com/repos/homework1CMSI2021/alexcooper2005/actions/secrets/public-key type=owner
[debug] [2024-12-04T21:15:47.323Z] <<< [apiv2][status] GET https://api.github.com/repos/homework1CMSI2021/alexcooper2005/actions/secrets/public-key 404
[debug] [2024-12-04T21:15:47.323Z] <<< [apiv2][body] GET https://api.github.com/repos/homework1CMSI2021/alexcooper2005/actions/secrets/public-key {"message":"Not Found","documentation_url":"https://docs.github.com/rest/actions/secrets#get-a-repository-public-key","status":"404"}
[info] 
[info] 
[error] ⚠  The provided authorization cannot be used with this repository. If this repository is in an organization, did you remember to grant access? 
[info] 
[info] i  Action required: Visit this URL to ensure access has been granted to the appropriate organization(s) for the Firebase CLI GitHub OAuth App: 
[info] https://github.com/settings/connections/applications/89cf50f02ac6aaed3484
[info] 
[debug] [2024-12-04T21:15:50.809Z] >>> [apiv2][query] GET https://api.github.com/repos/homework1CMSI2021/alexcooper2005/actions/secrets/public-key type=owner
[debug] [2024-12-04T21:15:50.956Z] <<< [apiv2][status] GET https://api.github.com/repos/homework1CMSI2021/alexcooper2005/actions/secrets/public-key 404
[debug] [2024-12-04T21:15:50.956Z] <<< [apiv2][body] GET https://api.github.com/repos/homework1CMSI2021/alexcooper2005/actions/secrets/public-key {"message":"Not Found","documentation_url":"https://docs.github.com/rest/actions/secrets#get-a-repository-public-key","status":"404"}
[info] 
[info] 
[error] ⚠  The provided authorization cannot be used with this repository. If this repository is in an organization, did you remember to grant access? 
[info] 
[info] i  Action required: Visit this URL to ensure access has been granted to the appropriate organization(s) for the Firebase CLI GitHub OAuth App: 
[info] https://github.com/settings/connections/applications/89cf50f02ac6aaed3484
[info] 
[debug] [2024-12-04T21:16:14.923Z] ----------------------------------------------------------------------
[debug] [2024-12-04T21:16:14.929Z] Command:       /Users/Alex/.nvm/versions/node/v22.11.0/bin/node /Users/Alex/.nvm/versions/node/v22.11.0/bin/firebase init hosting
[debug] [2024-12-04T21:16:14.929Z] CLI Version:   13.27.0
[debug] [2024-12-04T21:16:14.930Z] Platform:      darwin
[debug] [2024-12-04T21:16:14.930Z] Node Version:  v22.11.0
[debug] [2024-12-04T21:16:14.930Z] Time:          Wed Dec 04 2024 13:16:14 GMT-0800 (Pacific Standard Time)
[debug] [2024-12-04T21:16:14.930Z] ----------------------------------------------------------------------
[debug] 
[debug] [2024-12-04T21:16:14.935Z] > command requires scopes: ["email","openid","https://www.googleapis.com/auth/cloudplatformprojects.readonly","https://www.googleapis.com/auth/firebase","https://www.googleapis.com/auth/cloud-platform"]
[debug] [2024-12-04T21:16:14.935Z] > authorizing via signed-in user (acooper72705@gmail.com)
[info] 
     ######## #### ########  ######## ########     ###     ######  ########
     ##        ##  ##     ## ##       ##     ##  ##   ##  ##       ##
     ######    ##  ########  ######   ########  #########  ######  ######
     ##        ##  ##    ##  ##       ##     ## ##     ##       ## ##
     ##       #### ##     ## ######## ########  ##     ##  ######  ########

You're about to initialize a Firebase project in this directory:

  /Users/Alex/homework1CMSI2021

[info] 
=== Project Setup
[info] 
[info] First, let's associate this project directory with a Firebase project.
[info] You can create multiple project aliases by running firebase use --add, 
[info] but for now we'll just set up a default project.
[info] 
[debug] [2024-12-04T21:16:19.019Z] Checked if tokens are valid: true, expires at: 1733350045330
[debug] [2024-12-04T21:16:19.019Z] Checked if tokens are valid: true, expires at: 1733350045330
[debug] [2024-12-04T21:16:19.020Z] >>> [apiv2][query] GET https://firebase.googleapis.com/v1beta1/projects pageSize=100
[debug] [2024-12-04T21:16:19.522Z] <<< [apiv2][status] GET https://firebase.googleapis.com/v1beta1/projects 200
[debug] [2024-12-04T21:16:19.522Z] <<< [apiv2][body] GET https://firebase.googleapis.com/v1beta1/projects [omitted]
[info] i  Using project interestcalculatorproject1 (InterestCalculatorProject1) 
[info] 
=== Hosting Setup
[debug] [2024-12-04T21:16:22.187Z] Checked if tokens are valid: true, expires at: 1733350045330
[debug] [2024-12-04T21:16:22.187Z] Checked if tokens are valid: true, expires at: 1733350045330
[debug] [2024-12-04T21:16:22.187Z] >>> [apiv2][query] GET https://firebase.googleapis.com/v1beta1/projects/interestcalculatorproject1 [none]
[debug] [2024-12-04T21:16:22.361Z] <<< [apiv2][status] GET https://firebase.googleapis.com/v1beta1/projects/interestcalculatorproject1 200
[debug] [2024-12-04T21:16:22.361Z] <<< [apiv2][body] GET https://firebase.googleapis.com/v1beta1/projects/interestcalculatorproject1 {"projectId":"interestcalculatorproject1","projectNumber":"69891840634","displayName":"InterestCalculatorProject1","name":"projects/interestcalculatorproject1","resources":{"hostingSite":"interestcalculatorproject1"},"state":"ACTIVE","etag":"1_068b7e03-7e7d-49ec-91c6-9f14086c77fb"}
[info] 
[info] Your public directory is the folder (relative to your project directory) that
[info] will contain Hosting assets to be uploaded with firebase deploy. If you
[info] have a build process for your assets, use your build's output directory.
[info] 
[debug] [2024-12-04T21:16:52.381Z] ----------------------------------------------------------------------
[debug] [2024-12-04T21:16:52.383Z] Command:       /Users/Alex/.nvm/versions/node/v22.11.0/bin/node /Users/Alex/.nvm/versions/node/v22.11.0/bin/firebase init hosting
[debug] [2024-12-04T21:16:52.383Z] CLI Version:   13.27.0
[debug] [2024-12-04T21:16:52.383Z] Platform:      darwin
[debug] [2024-12-04T21:16:52.383Z] Node Version:  v22.11.0
[debug] [2024-12-04T21:16:52.384Z] Time:          Wed Dec 04 2024 13:16:52 GMT-0800 (Pacific Standard Time)
[debug] [2024-12-04T21:16:52.384Z] ----------------------------------------------------------------------
[debug] 
[debug] [2024-12-04T21:16:52.388Z] > command requires scopes: ["email","openid","https://www.googleapis.com/auth/cloudplatformprojects.readonly","https://www.googleapis.com/auth/firebase","https://www.googleapis.com/auth/cloud-platform"]
[debug] [2024-12-04T21:16:52.388Z] > authorizing via signed-in user (acooper72705@gmail.com)
[info] 
     ######## #### ########  ######## ########     ###     ######  ########
     ##        ##  ##     ## ##       ##     ##  ##   ##  ##       ##
     ######    ##  ########  ######   ########  #########  ######  ######
     ##        ##  ##    ##  ##       ##     ## ##     ##       ## ##
     ##       #### ##     ## ######## ########  ##     ##  ######  ########

You're about to initialize a Firebase project in this directory:

  /Users/Alex/homework1CMSI2021

[info] 
=== Project Setup
[info] 
[info] First, let's associate this project directory with a Firebase project.
[info] You can create multiple project aliases by running firebase use --add, 
[info] but for now we'll just set up a default project.
[info] 
[debug] [2024-12-04T21:16:55.309Z] Checked if tokens are valid: true, expires at: 1733350045330
[debug] [2024-12-04T21:16:55.309Z] Checked if tokens are valid: true, expires at: 1733350045330
[debug] [2024-12-04T21:16:55.309Z] >>> [apiv2][query] GET https://firebase.googleapis.com/v1beta1/projects pageSize=100
[debug] [2024-12-04T21:16:55.684Z] <<< [apiv2][status] GET https://firebase.googleapis.com/v1beta1/projects 200
[debug] [2024-12-04T21:16:55.684Z] <<< [apiv2][body] GET https://firebase.googleapis.com/v1beta1/projects [omitted]
[info] i  Using project interestcalculatorproject1 (InterestCalculatorProject1) 
[info] 
=== Hosting Setup
[debug] [2024-12-04T21:16:57.382Z] Checked if tokens are valid: true, expires at: 1733350045330
[debug] [2024-12-04T21:16:57.382Z] Checked if tokens are valid: true, expires at: 1733350045330
[debug] [2024-12-04T21:16:57.382Z] >>> [apiv2][query] GET https://firebase.googleapis.com/v1beta1/projects/interestcalculatorproject1 [none]
[debug] [2024-12-04T21:16:57.701Z] <<< [apiv2][status] GET https://firebase.googleapis.com/v1beta1/projects/interestcalculatorproject1 200
[debug] [2024-12-04T21:16:57.701Z] <<< [apiv2][body] GET https://firebase.googleapis.com/v1beta1/projects/interestcalculatorproject1 {"projectId":"interestcalculatorproject1","projectNumber":"69891840634","displayName":"InterestCalculatorProject1","name":"projects/interestcalculatorproject1","resources":{"hostingSite":"interestcalculatorproject1"},"state":"ACTIVE","etag":"1_068b7e03-7e7d-49ec-91c6-9f14086c77fb"}
[info] 
[info] Your public directory is the folder (relative to your project directory) that
[info] will contain Hosting assets to be uploaded with firebase deploy. If you
[info] have a build process for your assets, use your build's output directory.
[info] 
[debug] [2024-12-04T21:17:04.506Z] >>> [apiv2][query] GET https://www.gstatic.com/firebasejs/releases.json [none]
[debug] [2024-12-04T21:17:04.562Z] <<< [apiv2][status] GET https://www.gstatic.com/firebasejs/releases.json 200
[debug] [2024-12-04T21:17:04.562Z] <<< [apiv2][body] GET https://www.gstatic.com/firebasejs/releases.json {"current":{"version":"11.0.2","browserURL":"https://www.gstatic.com/firebasejs/11.0.2/firebase.js","packageURL":"https://www.gstatic.com/firebasejs/11.0.2/firebase.tgz"},"live":{"version":"11.0","browserURL":"https://www.gstatic.com/firebasejs/live/11.0/firebase.js","packageURL":"https://www.gstatic.com/firebasejs/live/11.0/firebase.tgz"},"components":{"analytics":"https://www.gstatic.com/firebasejs/11.0.2/firebase-analytics.js","app":"https://www.gstatic.com/firebasejs/11.0.2/firebase-app.js","app-check":"https://www.gstatic.com/firebasejs/11.0.2/firebase-app-check.js","auth":"https://www.gstatic.com/firebasejs/11.0.2/firebase-auth.js","auth/cordova":"https://www.gstatic.com/firebasejs/11.0.2/firebase-auth/cordova.js","auth/web-extension":"https://www.gstatic.com/firebasejs/11.0.2/firebase-auth/web-extension.js","functions":"https://www.gstatic.com/firebasejs/11.0.2/firebase-functions.js","firestore":"https://www.gstatic.com/firebasejs/11.0.2/firebase-firestore.js","firestore/lite":"https://www.gstatic.com/firebasejs/11.0.2/firebase-firestore/lite.js","installations":"https://www.gstatic.com/firebasejs/11.0.2/firebase-installations.js","storage":"https://www.gstatic.com/firebasejs/11.0.2/firebase-storage.js","performance":"https://www.gstatic.com/firebasejs/11.0.2/firebase-performance.js","remote-config":"https://www.gstatic.com/firebasejs/11.0.2/firebase-remote-config.js","messaging":"https://www.gstatic.com/firebasejs/11.0.2/firebase-messaging.js","messaging/sw":"https://www.gstatic.com/firebasejs/11.0.2/firebase-messaging/sw.js","database":"https://www.gstatic.com/firebasejs/11.0.2/firebase-database.js","vertexai":"https://www.gstatic.com/firebasejs/11.0.2/firebase-vertexai.js","data-connect":"https://www.gstatic.com/firebasejs/11.0.2/firebase-data-connect.js","firestore.memory":"https://www.gstatic.com/firebasejs/11.0.2/firebase-firestore.memory.js"}}
[info] i  public/index.html is unchanged 
[info] 
[info] i  Detected a .git folder at /Users/Alex/homework1CMSI2021 
[info] i  Authorizing with GitHub to upload your service account to a GitHub repository's secrets store. 
[info] 
[info] Visit this URL on this device to log in:
[info] https://github.com/login/oauth/authorize?client_id=89cf50f02ac6aaed3484&state=505406188&redirect_uri=http%3A%2F%2Flocalhost%3A9005&scope=read%3Auser%20repo%20public_repo
[info] 
[info] Waiting for authentication...
[debug] [2024-12-04T21:17:05.601Z] >>> [apiv2][query] POST https://github.com/login/oauth/access_token [none]
[debug] [2024-12-04T21:17:05.602Z] >>> [apiv2][body] POST https://github.com/login/oauth/access_token [stream]
[debug] [2024-12-04T21:17:05.835Z] <<< [apiv2][status] POST https://github.com/login/oauth/access_token 200
[debug] [2024-12-04T21:17:05.835Z] <<< [apiv2][body] POST https://github.com/login/oauth/access_token {"access_token":"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","token_type":"bearer","scope":"read:user,repo"}
[debug] [2024-12-04T21:17:05.842Z] >>> [apiv2][query] GET https://api.github.com/user [none]
[debug] [2024-12-04T21:17:06.101Z] <<< [apiv2][status] GET https://api.github.com/user 200
[debug] [2024-12-04T21:17:06.101Z] <<< [apiv2][body] GET https://api.github.com/user {"login":"alexcooper2005","id":143565766,"node_id":"U_kgDOCI6jxg","avatar_url":"https://avatars.githubusercontent.com/u/143565766?v=4","gravatar_id":"","url":"https://api.github.com/users/alexcooper2005","html_url":"https://github.com/alexcooper2005","followers_url":"https://api.github.com/users/alexcooper2005/followers","following_url":"https://api.github.com/users/alexcooper2005/following{/other_user}","gists_url":"https://api.github.com/users/alexcooper2005/gists{/gist_id}","starred_url":"https://api.github.com/users/alexcooper2005/starred{/owner}{/repo}","subscriptions_url":"https://api.github.com/users/alexcooper2005/subscriptions","organizations_url":"https://api.github.com/users/alexcooper2005/orgs","repos_url":"https://api.github.com/users/alexcooper2005/repos","events_url":"https://api.github.com/users/alexcooper2005/events{/privacy}","received_events_url":"https://api.github.com/users/alexcooper2005/received_events","type":"User","user_view_type":"private","site_admin":false,"name":null,"company":null,"blog":"","location":null,"email":null,"hireable":null,"bio":null,"twitter_username":null,"notification_email":null,"public_repos":2,"public_gists":0,"followers":0,"following":0,"created_at":"2023-08-30T00:18:58Z","updated_at":"2024-12-04T04:11:56Z","private_gists":0,"total_private_repos":0,"owned_private_repos":0,"disk_usage":0,"collaborators":0,"two_factor_authentication":false,"plan":{"name":"free","space":976562499,"collaborators":0,"private_repos":10000}}
[info] 
[info] ✔  Success! Logged into GitHub as alexcooper2005 
[info] 
[debug] [2024-12-04T21:17:15.234Z] >>> [apiv2][query] GET https://api.github.com/repos/n/actions/secrets/public-key type=owner
[debug] [2024-12-04T21:17:15.465Z] <<< [apiv2][status] GET https://api.github.com/repos/n/actions/secrets/public-key 404
[debug] [2024-12-04T21:17:15.465Z] <<< [apiv2][body] GET https://api.github.com/repos/n/actions/secrets/public-key {"message":"Not Found","documentation_url":"https://docs.github.com/rest","status":"404"}
[info] 
[info] 
[error] ⚠  The provided authorization cannot be used with this repository. If this repository is in an organization, did you remember to grant access? 
[info] 
[info] i  Action required: Visit this URL to ensure access has been granted to the appropriate organization(s) for the Firebase CLI GitHub OAuth App: 
[info] https://github.com/settings/connections/applications/89cf50f02ac6aaed3484
[info] 
[debug] [2024-12-04T21:20:16.339Z] >>> [apiv2][query] GET https://api.github.com/repos/https://github.com/alexcooper2005/homework1CMSI2021/actions/secrets/public-key type=owner
[debug] [2024-12-04T21:20:16.591Z] <<< [apiv2][status] GET https://api.github.com/repos/https://github.com/alexcooper2005/homework1CMSI2021/actions/secrets/public-key 404
[debug] [2024-12-04T21:20:16.591Z] <<< [apiv2][body] GET https://api.github.com/repos/https://github.com/alexcooper2005/homework1CMSI2021/actions/secrets/public-key {"message":"Not Found","documentation_url":"https://docs.github.com/rest","status":"404"}
[info] 
[info] 
[error] ⚠  The provided authorization cannot be used with this repository. If this repository is in an organization, did you remember to grant access? 
[info] 
[info] i  Action required: Visit this URL to ensure access has been granted to the appropriate organization(s) for the Firebase CLI GitHub OAuth App: 
[info] https://github.com/settings/connections/applications/89cf50f02ac6aaed3484
[info] 
[debug] [2024-12-04T21:20:39.349Z] >>> [apiv2][query] GET https://api.github.com/repos/github.com/alexcooper2005/homework1CMSI2021/actions/secrets/public-key type=owner
[debug] [2024-12-04T21:20:39.737Z] <<< [apiv2][status] GET https://api.github.com/repos/github.com/alexcooper2005/homework1CMSI2021/actions/secrets/public-key 404
[debug] [2024-12-04T21:20:39.737Z] <<< [apiv2][body] GET https://api.github.com/repos/github.com/alexcooper2005/homework1CMSI2021/actions/secrets/public-key {"message":"Not Found","documentation_url":"https://docs.github.com/rest","status":"404"}
[info] 
[info] 
[error] ⚠  The provided authorization cannot be used with this repository. If this repository is in an organization, did you remember to grant access? 
[info] 
[info] i  Action required: Visit this URL to ensure access has been granted to the appropriate organization(s) for the Firebase CLI GitHub OAuth App: 
[info] https://github.com/settings/connections/applications/89cf50f02ac6aaed3484
[info] 
